24-Oct-2024 10:54:16.601 INFO [main] org.apache.catalina.startup.VersionLoggerListener.log 서버 버전 이름:    Apache Tomcat/10.1.31
24-Oct-2024 10:54:16.604 INFO [main] org.apache.catalina.startup.VersionLoggerListener.log Server 빌드 시각:  Oct 3 2024 19:02:38 UTC
24-Oct-2024 10:54:16.604 INFO [main] org.apache.catalina.startup.VersionLoggerListener.log Server 버전 번호:  10.1.31.0
24-Oct-2024 10:54:16.605 INFO [main] org.apache.catalina.startup.VersionLoggerListener.log 운영체제 이름:     Windows 10
24-Oct-2024 10:54:16.605 INFO [main] org.apache.catalina.startup.VersionLoggerListener.log 운영체제 버전:     10.0
24-Oct-2024 10:54:16.605 INFO [main] org.apache.catalina.startup.VersionLoggerListener.log 아키텍처:          amd64
24-Oct-2024 10:54:16.605 INFO [main] org.apache.catalina.startup.VersionLoggerListener.log 자바 홈:           C:\Program Files\Java\jdk-17
24-Oct-2024 10:54:16.605 INFO [main] org.apache.catalina.startup.VersionLoggerListener.log JVM 버전:          17.0.12+8-LTS-286
24-Oct-2024 10:54:16.605 INFO [main] org.apache.catalina.startup.VersionLoggerListener.log JVM 벤더:          Oracle Corporation
24-Oct-2024 10:54:16.605 INFO [main] org.apache.catalina.startup.VersionLoggerListener.log CATALINA_BASE:     C:\Users\admin\Desktop\ksg\5_JSP 기초\Day02\src\main
24-Oct-2024 10:54:16.605 INFO [main] org.apache.catalina.startup.VersionLoggerListener.log CATALINA_HOME:     C:\Users\admin\Desktop\ksg\apache-tomcat-10.1.31
24-Oct-2024 10:54:16.613 INFO [main] org.apache.catalina.startup.VersionLoggerListener.log 명령 행 아규먼트:  --add-opens=java.base/java.lang=ALL-UNNAMED
24-Oct-2024 10:54:16.613 INFO [main] org.apache.catalina.startup.VersionLoggerListener.log 명령 행 아규먼트:  --add-opens=java.base/java.io=ALL-UNNAMED
24-Oct-2024 10:54:16.613 INFO [main] org.apache.catalina.startup.VersionLoggerListener.log 명령 행 아규먼트:  --add-opens=java.base/java.util=ALL-UNNAMED
24-Oct-2024 10:54:16.613 INFO [main] org.apache.catalina.startup.VersionLoggerListener.log 명령 행 아규먼트:  --add-opens=java.base/java.util.concurrent=ALL-UNNAMED
24-Oct-2024 10:54:16.613 INFO [main] org.apache.catalina.startup.VersionLoggerListener.log 명령 행 아규먼트:  --add-opens=java.rmi/sun.rmi.transport=ALL-UNNAMED
24-Oct-2024 10:54:16.613 INFO [main] org.apache.catalina.startup.VersionLoggerListener.log 명령 행 아규먼트:  -Dcatalina.home=C:\Users\admin\Desktop\ksg\apache-tomcat-10.1.31
24-Oct-2024 10:54:16.613 INFO [main] org.apache.catalina.startup.VersionLoggerListener.log 명령 행 아규먼트:  -Dcatalina.base=C:\Users\admin\Desktop\ksg\5_JSP 기초\Day02\src\main
24-Oct-2024 10:54:16.613 INFO [main] org.apache.catalina.startup.VersionLoggerListener.log 명령 행 아규먼트:  -Djava.io.tmpdir=C:\Users\admin\Desktop\ksg\5_JSP 기초\Day02\src\main\temp
24-Oct-2024 10:54:16.614 INFO [main] org.apache.catalina.startup.VersionLoggerListener.log 명령 행 아규먼트:  -Djava.util.logging.config.file=C:\Users\admin\Desktop\ksg\5_JSP 기초\Day02\src\main\conf\logging.properties
24-Oct-2024 10:54:16.614 INFO [main] org.apache.catalina.startup.VersionLoggerListener.log 명령 행 아규먼트:  -Djava.util.logging.manager=org.apache.juli.ClassLoaderLogManager
24-Oct-2024 10:54:16.614 INFO [main] org.apache.catalina.startup.VersionLoggerListener.log 명령 행 아규먼트:  -javaagent:C:\Program Files\JetBrains\IntelliJ IDEA Community Edition 2024.2.3\lib\idea_rt.jar=54338:C:\Program Files\JetBrains\IntelliJ IDEA Community Edition 2024.2.3\bin
24-Oct-2024 10:54:16.614 INFO [main] org.apache.catalina.startup.VersionLoggerListener.log 명령 행 아규먼트:  -Dfile.encoding=UTF-8
24-Oct-2024 10:54:16.620 INFO [main] org.apache.catalina.core.AprLifecycleListener.lifecycleEvent 프로덕션 환경들에서 최적의 성능을 제공하는, APR 기반 Apache Tomcat Native 라이브러리가, 다음 java.library.path에서 발견되지 않습니다: [C:\Program Files\Java\jdk-17\bin;C:\Windows\Sun\Java\bin;C:\Windows\system32;C:\Windows;C:\Program Files\Common Files\Oracle\Java\javapath;C:\Windows\system32;C:\Windows;C:\Windows\System32\Wbem;C:\Windows\System32\WindowsPowerShell\v1.0\;C:\Windows\System32\OpenSSH\;C:\Program Files (x86)\NVIDIA Corporation\PhysX\Common;C:\Program Files\Bandizip\;C:\Program Files\nodejs\;C:\Program Files\Git\cmd;C:\Program Files\Docker\Docker\resources\bin;C:\Users\admin\AppData\Local\Microsoft\WindowsApps;C:\Users\admin\AppData\Local\Programs\Microsoft VS Code\bin;C:\Users\admin\AppData\Roaming\npm;C\Program Files\Java\jdk-17\bin;;.]
24-Oct-2024 10:54:16.791 INFO [main] org.apache.coyote.AbstractProtocol.init 프로토콜 핸들러 ["http-nio-3000"]을(를) 초기화합니다.
24-Oct-2024 10:54:16.813 INFO [main] org.apache.catalina.startup.Catalina.load [420] 밀리초 내에 서버가 초기화되었습니다.
24-Oct-2024 10:54:16.886 INFO [main] org.apache.catalina.core.StandardService.startInternal 서비스 [Catalina]을(를) 시작합니다.
24-Oct-2024 10:54:16.886 INFO [main] org.apache.catalina.core.StandardEngine.startInternal 서버 엔진을 시작합니다: [Apache Tomcat/10.1.31]
24-Oct-2024 10:54:16.903 INFO [main] org.apache.catalina.startup.HostConfig.deployDescriptor 배치 descriptor [C:\Users\admin\Desktop\ksg\5_JSP 기초\Day02\src\main\conf\Catalina\localhost\day02.xml]을(를) 배치합니다.
24-Oct-2024 10:54:17.269 INFO [main] org.apache.catalina.startup.HostConfig.deployDescriptor 배치 descriptor [C:\Users\admin\Desktop\ksg\5_JSP 기초\Day02\src\main\conf\Catalina\localhost\day02.xml]의 배치가 [364] 밀리초 내에 완료되었습니다.
24-Oct-2024 10:54:17.274 INFO [main] org.apache.coyote.AbstractProtocol.start 프로토콜 핸들러 ["http-nio-3000"]을(를) 시작합니다.
24-Oct-2024 10:54:17.304 INFO [main] org.apache.catalina.startup.Catalina.start 서버가 [491] 밀리초 내에 시작되었습니다.
24-Oct-2024 10:57:20.783 INFO [Thread-1] org.apache.coyote.AbstractProtocol.pause 프로토콜 핸들러 ["http-nio-3000"]을(를) 일시 정지 중
24-Oct-2024 10:57:20.806 INFO [Thread-1] org.apache.catalina.core.StandardService.stopInternal 서비스 [Catalina]을(를) 중지시킵니다.
24-Oct-2024 10:57:20.813 INFO [Thread-1] org.apache.coyote.AbstractProtocol.stop 프로토콜 핸들러 ["http-nio-3000"]을(를) 중지시킵니다.
24-Oct-2024 10:57:20.816 INFO [Thread-1] org.apache.coyote.AbstractProtocol.destroy 프로토콜 핸들러 ["http-nio-3000"]을(를) 소멸시킵니다.
24-Oct-2024 10:57:49.195 INFO [main] org.apache.catalina.startup.VersionLoggerListener.log 서버 버전 이름:    Apache Tomcat/10.1.31
24-Oct-2024 10:57:49.199 INFO [main] org.apache.catalina.startup.VersionLoggerListener.log Server 빌드 시각:  Oct 3 2024 19:02:38 UTC
24-Oct-2024 10:57:49.199 INFO [main] org.apache.catalina.startup.VersionLoggerListener.log Server 버전 번호:  10.1.31.0
24-Oct-2024 10:57:49.199 INFO [main] org.apache.catalina.startup.VersionLoggerListener.log 운영체제 이름:     Windows 10
24-Oct-2024 10:57:49.199 INFO [main] org.apache.catalina.startup.VersionLoggerListener.log 운영체제 버전:     10.0
24-Oct-2024 10:57:49.199 INFO [main] org.apache.catalina.startup.VersionLoggerListener.log 아키텍처:          amd64
24-Oct-2024 10:57:49.200 INFO [main] org.apache.catalina.startup.VersionLoggerListener.log 자바 홈:           C:\Program Files\Java\jdk-17
24-Oct-2024 10:57:49.200 INFO [main] org.apache.catalina.startup.VersionLoggerListener.log JVM 버전:          17.0.12+8-LTS-286
24-Oct-2024 10:57:49.200 INFO [main] org.apache.catalina.startup.VersionLoggerListener.log JVM 벤더:          Oracle Corporation
24-Oct-2024 10:57:49.200 INFO [main] org.apache.catalina.startup.VersionLoggerListener.log CATALINA_BASE:     C:\Users\admin\Desktop\ksg\5_JSP 기초\Day02\src\main
24-Oct-2024 10:57:49.200 INFO [main] org.apache.catalina.startup.VersionLoggerListener.log CATALINA_HOME:     C:\Users\admin\Desktop\ksg\apache-tomcat-10.1.31
24-Oct-2024 10:57:49.209 INFO [main] org.apache.catalina.startup.VersionLoggerListener.log 명령 행 아규먼트:  --add-opens=java.base/java.lang=ALL-UNNAMED
24-Oct-2024 10:57:49.209 INFO [main] org.apache.catalina.startup.VersionLoggerListener.log 명령 행 아규먼트:  --add-opens=java.base/java.io=ALL-UNNAMED
24-Oct-2024 10:57:49.209 INFO [main] org.apache.catalina.startup.VersionLoggerListener.log 명령 행 아규먼트:  --add-opens=java.base/java.util=ALL-UNNAMED
24-Oct-2024 10:57:49.209 INFO [main] org.apache.catalina.startup.VersionLoggerListener.log 명령 행 아규먼트:  --add-opens=java.base/java.util.concurrent=ALL-UNNAMED
24-Oct-2024 10:57:49.209 INFO [main] org.apache.catalina.startup.VersionLoggerListener.log 명령 행 아규먼트:  --add-opens=java.rmi/sun.rmi.transport=ALL-UNNAMED
24-Oct-2024 10:57:49.210 INFO [main] org.apache.catalina.startup.VersionLoggerListener.log 명령 행 아규먼트:  -Dcatalina.home=C:\Users\admin\Desktop\ksg\apache-tomcat-10.1.31
24-Oct-2024 10:57:49.210 INFO [main] org.apache.catalina.startup.VersionLoggerListener.log 명령 행 아규먼트:  -Dcatalina.base=C:\Users\admin\Desktop\ksg\5_JSP 기초\Day02\src\main
24-Oct-2024 10:57:49.210 INFO [main] org.apache.catalina.startup.VersionLoggerListener.log 명령 행 아규먼트:  -Djava.io.tmpdir=C:\Users\admin\Desktop\ksg\5_JSP 기초\Day02\src\main\temp
24-Oct-2024 10:57:49.210 INFO [main] org.apache.catalina.startup.VersionLoggerListener.log 명령 행 아규먼트:  -Djava.util.logging.config.file=C:\Users\admin\Desktop\ksg\5_JSP 기초\Day02\src\main\conf\logging.properties
24-Oct-2024 10:57:49.210 INFO [main] org.apache.catalina.startup.VersionLoggerListener.log 명령 행 아규먼트:  -Djava.util.logging.manager=org.apache.juli.ClassLoaderLogManager
24-Oct-2024 10:57:49.210 INFO [main] org.apache.catalina.startup.VersionLoggerListener.log 명령 행 아규먼트:  -javaagent:C:\Program Files\JetBrains\IntelliJ IDEA Community Edition 2024.2.3\lib\idea_rt.jar=54520:C:\Program Files\JetBrains\IntelliJ IDEA Community Edition 2024.2.3\bin
24-Oct-2024 10:57:49.210 INFO [main] org.apache.catalina.startup.VersionLoggerListener.log 명령 행 아규먼트:  -Dfile.encoding=UTF-8
24-Oct-2024 10:57:49.217 INFO [main] org.apache.catalina.core.AprLifecycleListener.lifecycleEvent 프로덕션 환경들에서 최적의 성능을 제공하는, APR 기반 Apache Tomcat Native 라이브러리가, 다음 java.library.path에서 발견되지 않습니다: [C:\Program Files\Java\jdk-17\bin;C:\Windows\Sun\Java\bin;C:\Windows\system32;C:\Windows;C:\Program Files\Common Files\Oracle\Java\javapath;C:\Windows\system32;C:\Windows;C:\Windows\System32\Wbem;C:\Windows\System32\WindowsPowerShell\v1.0\;C:\Windows\System32\OpenSSH\;C:\Program Files (x86)\NVIDIA Corporation\PhysX\Common;C:\Program Files\Bandizip\;C:\Program Files\nodejs\;C:\Program Files\Git\cmd;C:\Program Files\Docker\Docker\resources\bin;C:\Users\admin\AppData\Local\Microsoft\WindowsApps;C:\Users\admin\AppData\Local\Programs\Microsoft VS Code\bin;C:\Users\admin\AppData\Roaming\npm;C\Program Files\Java\jdk-17\bin;;.]
24-Oct-2024 10:57:49.344 INFO [main] org.apache.coyote.AbstractProtocol.init 프로토콜 핸들러 ["http-nio-3000"]을(를) 초기화합니다.
24-Oct-2024 10:57:49.357 INFO [main] org.apache.catalina.startup.Catalina.load [290] 밀리초 내에 서버가 초기화되었습니다.
24-Oct-2024 10:57:49.404 INFO [main] org.apache.catalina.core.StandardService.startInternal 서비스 [Catalina]을(를) 시작합니다.
24-Oct-2024 10:57:49.405 INFO [main] org.apache.catalina.core.StandardEngine.startInternal 서버 엔진을 시작합니다: [Apache Tomcat/10.1.31]
24-Oct-2024 10:57:49.419 INFO [main] org.apache.catalina.startup.HostConfig.deployDescriptor 배치 descriptor [C:\Users\admin\Desktop\ksg\5_JSP 기초\Day02\src\main\conf\Catalina\localhost\day02.xml]을(를) 배치합니다.
24-Oct-2024 10:57:49.792 INFO [main] org.apache.catalina.startup.HostConfig.deployDescriptor 배치 descriptor [C:\Users\admin\Desktop\ksg\5_JSP 기초\Day02\src\main\conf\Catalina\localhost\day02.xml]의 배치가 [373] 밀리초 내에 완료되었습니다.
24-Oct-2024 10:57:49.796 INFO [main] org.apache.coyote.AbstractProtocol.start 프로토콜 핸들러 ["http-nio-3000"]을(를) 시작합니다.
24-Oct-2024 10:57:49.823 INFO [main] org.apache.catalina.startup.Catalina.start 서버가 [465] 밀리초 내에 시작되었습니다.
24-Oct-2024 10:57:54.133 INFO [Thread-1] org.apache.coyote.AbstractProtocol.pause 프로토콜 핸들러 ["http-nio-3000"]을(를) 일시 정지 중
24-Oct-2024 10:57:54.157 INFO [Thread-1] org.apache.catalina.core.StandardService.stopInternal 서비스 [Catalina]을(를) 중지시킵니다.
24-Oct-2024 10:57:54.163 INFO [Thread-1] org.apache.coyote.AbstractProtocol.stop 프로토콜 핸들러 ["http-nio-3000"]을(를) 중지시킵니다.
24-Oct-2024 10:57:54.167 INFO [Thread-1] org.apache.coyote.AbstractProtocol.destroy 프로토콜 핸들러 ["http-nio-3000"]을(를) 소멸시킵니다.
24-Oct-2024 12:25:14.797 INFO [main] org.apache.catalina.startup.VersionLoggerListener.log 서버 버전 이름:    Apache Tomcat/10.1.31
24-Oct-2024 12:25:14.800 INFO [main] org.apache.catalina.startup.VersionLoggerListener.log Server 빌드 시각:  Oct 3 2024 19:02:38 UTC
24-Oct-2024 12:25:14.800 INFO [main] org.apache.catalina.startup.VersionLoggerListener.log Server 버전 번호:  10.1.31.0
24-Oct-2024 12:25:14.800 INFO [main] org.apache.catalina.startup.VersionLoggerListener.log 운영체제 이름:     Windows 10
24-Oct-2024 12:25:14.800 INFO [main] org.apache.catalina.startup.VersionLoggerListener.log 운영체제 버전:     10.0
24-Oct-2024 12:25:14.800 INFO [main] org.apache.catalina.startup.VersionLoggerListener.log 아키텍처:          amd64
24-Oct-2024 12:25:14.801 INFO [main] org.apache.catalina.startup.VersionLoggerListener.log 자바 홈:           C:\Program Files\Java\jdk-17
24-Oct-2024 12:25:14.801 INFO [main] org.apache.catalina.startup.VersionLoggerListener.log JVM 버전:          17.0.12+8-LTS-286
24-Oct-2024 12:25:14.801 INFO [main] org.apache.catalina.startup.VersionLoggerListener.log JVM 벤더:          Oracle Corporation
24-Oct-2024 12:25:14.801 INFO [main] org.apache.catalina.startup.VersionLoggerListener.log CATALINA_BASE:     C:\Users\admin\Desktop\ksg\5_JSP 기초\Day02\src\main
24-Oct-2024 12:25:14.801 INFO [main] org.apache.catalina.startup.VersionLoggerListener.log CATALINA_HOME:     C:\Users\admin\Desktop\ksg\apache-tomcat-10.1.31
24-Oct-2024 12:25:14.806 INFO [main] org.apache.catalina.startup.VersionLoggerListener.log 명령 행 아규먼트:  --add-opens=java.base/java.lang=ALL-UNNAMED
24-Oct-2024 12:25:14.806 INFO [main] org.apache.catalina.startup.VersionLoggerListener.log 명령 행 아규먼트:  --add-opens=java.base/java.io=ALL-UNNAMED
24-Oct-2024 12:25:14.806 INFO [main] org.apache.catalina.startup.VersionLoggerListener.log 명령 행 아규먼트:  --add-opens=java.base/java.util=ALL-UNNAMED
24-Oct-2024 12:25:14.806 INFO [main] org.apache.catalina.startup.VersionLoggerListener.log 명령 행 아규먼트:  --add-opens=java.base/java.util.concurrent=ALL-UNNAMED
24-Oct-2024 12:25:14.806 INFO [main] org.apache.catalina.startup.VersionLoggerListener.log 명령 행 아규먼트:  --add-opens=java.rmi/sun.rmi.transport=ALL-UNNAMED
24-Oct-2024 12:25:14.806 INFO [main] org.apache.catalina.startup.VersionLoggerListener.log 명령 행 아규먼트:  -Dcatalina.home=C:\Users\admin\Desktop\ksg\apache-tomcat-10.1.31
24-Oct-2024 12:25:14.806 INFO [main] org.apache.catalina.startup.VersionLoggerListener.log 명령 행 아규먼트:  -Dcatalina.base=C:\Users\admin\Desktop\ksg\5_JSP 기초\Day02\src\main
24-Oct-2024 12:25:14.806 INFO [main] org.apache.catalina.startup.VersionLoggerListener.log 명령 행 아규먼트:  -Djava.io.tmpdir=C:\Users\admin\Desktop\ksg\5_JSP 기초\Day02\src\main\temp
24-Oct-2024 12:25:14.807 INFO [main] org.apache.catalina.startup.VersionLoggerListener.log 명령 행 아규먼트:  -Djava.util.logging.config.file=C:\Users\admin\Desktop\ksg\5_JSP 기초\Day02\src\main\conf\logging.properties
24-Oct-2024 12:25:14.807 INFO [main] org.apache.catalina.startup.VersionLoggerListener.log 명령 행 아규먼트:  -Djava.util.logging.manager=org.apache.juli.ClassLoaderLogManager
24-Oct-2024 12:25:14.807 INFO [main] org.apache.catalina.startup.VersionLoggerListener.log 명령 행 아규먼트:  -javaagent:C:\Program Files\JetBrains\IntelliJ IDEA Community Edition 2024.2.3\lib\idea_rt.jar=61102:C:\Program Files\JetBrains\IntelliJ IDEA Community Edition 2024.2.3\bin
24-Oct-2024 12:25:14.807 INFO [main] org.apache.catalina.startup.VersionLoggerListener.log 명령 행 아규먼트:  -Dfile.encoding=UTF-8
24-Oct-2024 12:25:14.812 INFO [main] org.apache.catalina.core.AprLifecycleListener.lifecycleEvent 프로덕션 환경들에서 최적의 성능을 제공하는, APR 기반 Apache Tomcat Native 라이브러리가, 다음 java.library.path에서 발견되지 않습니다: [C:\Program Files\Java\jdk-17\bin;C:\Windows\Sun\Java\bin;C:\Windows\system32;C:\Windows;C:\Program Files\Common Files\Oracle\Java\javapath;C:\Windows\system32;C:\Windows;C:\Windows\System32\Wbem;C:\Windows\System32\WindowsPowerShell\v1.0\;C:\Windows\System32\OpenSSH\;C:\Program Files (x86)\NVIDIA Corporation\PhysX\Common;C:\Program Files\Bandizip\;C:\Program Files\nodejs\;C:\Program Files\Git\cmd;C:\Program Files\Docker\Docker\resources\bin;C:\Users\admin\AppData\Local\Microsoft\WindowsApps;C:\Users\admin\AppData\Local\Programs\Microsoft VS Code\bin;C:\Users\admin\AppData\Roaming\npm;C\Program Files\Java\jdk-17\bin;;.]
24-Oct-2024 12:25:14.941 INFO [main] org.apache.coyote.AbstractProtocol.init 프로토콜 핸들러 ["http-nio-3000"]을(를) 초기화합니다.
24-Oct-2024 12:25:14.955 INFO [main] org.apache.catalina.startup.Catalina.load [298] 밀리초 내에 서버가 초기화되었습니다.
24-Oct-2024 12:25:14.994 INFO [main] org.apache.catalina.core.StandardService.startInternal 서비스 [Catalina]을(를) 시작합니다.
24-Oct-2024 12:25:14.994 INFO [main] org.apache.catalina.core.StandardEngine.startInternal 서버 엔진을 시작합니다: [Apache Tomcat/10.1.31]
24-Oct-2024 12:25:15.006 INFO [main] org.apache.catalina.startup.HostConfig.deployDescriptor 배치 descriptor [C:\Users\admin\Desktop\ksg\5_JSP 기초\Day02\src\main\conf\Catalina\localhost\day02.xml]을(를) 배치합니다.
24-Oct-2024 12:25:15.428 INFO [main] org.apache.catalina.startup.HostConfig.deployDescriptor 배치 descriptor [C:\Users\admin\Desktop\ksg\5_JSP 기초\Day02\src\main\conf\Catalina\localhost\day02.xml]의 배치가 [421] 밀리초 내에 완료되었습니다.
24-Oct-2024 12:25:15.432 INFO [main] org.apache.coyote.AbstractProtocol.start 프로토콜 핸들러 ["http-nio-3000"]을(를) 시작합니다.
24-Oct-2024 12:25:15.474 INFO [main] org.apache.catalina.startup.Catalina.start 서버가 [517] 밀리초 내에 시작되었습니다.
24-Oct-2024 12:27:03.626 INFO [Thread-1] org.apache.coyote.AbstractProtocol.pause 프로토콜 핸들러 ["http-nio-3000"]을(를) 일시 정지 중
24-Oct-2024 12:27:03.650 INFO [Thread-1] org.apache.catalina.core.StandardService.stopInternal 서비스 [Catalina]을(를) 중지시킵니다.
24-Oct-2024 12:27:03.656 INFO [Thread-1] org.apache.coyote.AbstractProtocol.stop 프로토콜 핸들러 ["http-nio-3000"]을(를) 중지시킵니다.
24-Oct-2024 12:27:03.658 INFO [Thread-1] org.apache.coyote.AbstractProtocol.destroy 프로토콜 핸들러 ["http-nio-3000"]을(를) 소멸시킵니다.
24-Oct-2024 15:02:46.967 INFO [main] org.apache.catalina.startup.VersionLoggerListener.log 서버 버전 이름:    Apache Tomcat/10.1.31
24-Oct-2024 15:02:46.970 INFO [main] org.apache.catalina.startup.VersionLoggerListener.log Server 빌드 시각:  Oct 3 2024 19:02:38 UTC
24-Oct-2024 15:02:46.970 INFO [main] org.apache.catalina.startup.VersionLoggerListener.log Server 버전 번호:  10.1.31.0
24-Oct-2024 15:02:46.970 INFO [main] org.apache.catalina.startup.VersionLoggerListener.log 운영체제 이름:     Windows 10
24-Oct-2024 15:02:46.970 INFO [main] org.apache.catalina.startup.VersionLoggerListener.log 운영체제 버전:     10.0
24-Oct-2024 15:02:46.970 INFO [main] org.apache.catalina.startup.VersionLoggerListener.log 아키텍처:          amd64
24-Oct-2024 15:02:46.970 INFO [main] org.apache.catalina.startup.VersionLoggerListener.log 자바 홈:           C:\Program Files\Java\jdk-17
24-Oct-2024 15:02:46.970 INFO [main] org.apache.catalina.startup.VersionLoggerListener.log JVM 버전:          17.0.12+8-LTS-286
24-Oct-2024 15:02:46.971 INFO [main] org.apache.catalina.startup.VersionLoggerListener.log JVM 벤더:          Oracle Corporation
24-Oct-2024 15:02:46.971 INFO [main] org.apache.catalina.startup.VersionLoggerListener.log CATALINA_BASE:     C:\Users\admin\Desktop\ksg\5_JSP 기초\Day02\src\main
24-Oct-2024 15:02:46.971 INFO [main] org.apache.catalina.startup.VersionLoggerListener.log CATALINA_HOME:     C:\Users\admin\Desktop\ksg\apache-tomcat-10.1.31
24-Oct-2024 15:02:46.977 INFO [main] org.apache.catalina.startup.VersionLoggerListener.log 명령 행 아규먼트:  --add-opens=java.base/java.lang=ALL-UNNAMED
24-Oct-2024 15:02:46.978 INFO [main] org.apache.catalina.startup.VersionLoggerListener.log 명령 행 아규먼트:  --add-opens=java.base/java.io=ALL-UNNAMED
24-Oct-2024 15:02:46.978 INFO [main] org.apache.catalina.startup.VersionLoggerListener.log 명령 행 아규먼트:  --add-opens=java.base/java.util=ALL-UNNAMED
24-Oct-2024 15:02:46.978 INFO [main] org.apache.catalina.startup.VersionLoggerListener.log 명령 행 아규먼트:  --add-opens=java.base/java.util.concurrent=ALL-UNNAMED
24-Oct-2024 15:02:46.978 INFO [main] org.apache.catalina.startup.VersionLoggerListener.log 명령 행 아규먼트:  --add-opens=java.rmi/sun.rmi.transport=ALL-UNNAMED
24-Oct-2024 15:02:46.978 INFO [main] org.apache.catalina.startup.VersionLoggerListener.log 명령 행 아규먼트:  -Dcatalina.home=C:\Users\admin\Desktop\ksg\apache-tomcat-10.1.31
24-Oct-2024 15:02:46.978 INFO [main] org.apache.catalina.startup.VersionLoggerListener.log 명령 행 아규먼트:  -Dcatalina.base=C:\Users\admin\Desktop\ksg\5_JSP 기초\Day02\src\main
24-Oct-2024 15:02:46.979 INFO [main] org.apache.catalina.startup.VersionLoggerListener.log 명령 행 아규먼트:  -Djava.io.tmpdir=C:\Users\admin\Desktop\ksg\5_JSP 기초\Day02\src\main\temp
24-Oct-2024 15:02:46.979 INFO [main] org.apache.catalina.startup.VersionLoggerListener.log 명령 행 아규먼트:  -Djava.util.logging.config.file=C:\Users\admin\Desktop\ksg\5_JSP 기초\Day02\src\main\conf\logging.properties
24-Oct-2024 15:02:46.979 INFO [main] org.apache.catalina.startup.VersionLoggerListener.log 명령 행 아규먼트:  -Djava.util.logging.manager=org.apache.juli.ClassLoaderLogManager
24-Oct-2024 15:02:46.979 INFO [main] org.apache.catalina.startup.VersionLoggerListener.log 명령 행 아규먼트:  -javaagent:C:\Program Files\JetBrains\IntelliJ IDEA Community Edition 2024.2.3\lib\idea_rt.jar=55993:C:\Program Files\JetBrains\IntelliJ IDEA Community Edition 2024.2.3\bin
24-Oct-2024 15:02:46.979 INFO [main] org.apache.catalina.startup.VersionLoggerListener.log 명령 행 아규먼트:  -Dfile.encoding=UTF-8
24-Oct-2024 15:02:46.984 INFO [main] org.apache.catalina.core.AprLifecycleListener.lifecycleEvent 프로덕션 환경들에서 최적의 성능을 제공하는, APR 기반 Apache Tomcat Native 라이브러리가, 다음 java.library.path에서 발견되지 않습니다: [C:\Program Files\Java\jdk-17\bin;C:\Windows\Sun\Java\bin;C:\Windows\system32;C:\Windows;C:\Program Files\Common Files\Oracle\Java\javapath;C:\Windows\system32;C:\Windows;C:\Windows\System32\Wbem;C:\Windows\System32\WindowsPowerShell\v1.0\;C:\Windows\System32\OpenSSH\;C:\Program Files (x86)\NVIDIA Corporation\PhysX\Common;C:\Program Files\Bandizip\;C:\Program Files\nodejs\;C:\Program Files\Git\cmd;C:\Program Files\Docker\Docker\resources\bin;C:\Users\admin\AppData\Local\Microsoft\WindowsApps;C:\Users\admin\AppData\Local\Programs\Microsoft VS Code\bin;C:\Users\admin\AppData\Roaming\npm;C\Program Files\Java\jdk-17\bin;;.]
24-Oct-2024 15:02:47.120 INFO [main] org.apache.coyote.AbstractProtocol.init 프로토콜 핸들러 ["http-nio-3000"]을(를) 초기화합니다.
24-Oct-2024 15:02:47.134 INFO [main] org.apache.catalina.startup.Catalina.load [308] 밀리초 내에 서버가 초기화되었습니다.
24-Oct-2024 15:02:47.176 INFO [main] org.apache.catalina.core.StandardService.startInternal 서비스 [Catalina]을(를) 시작합니다.
24-Oct-2024 15:02:47.176 INFO [main] org.apache.catalina.core.StandardEngine.startInternal 서버 엔진을 시작합니다: [Apache Tomcat/10.1.31]
24-Oct-2024 15:02:47.192 INFO [main] org.apache.catalina.startup.HostConfig.deployDescriptor 배치 descriptor [C:\Users\admin\Desktop\ksg\5_JSP 기초\Day02\src\main\conf\Catalina\localhost\day02.xml]을(를) 배치합니다.
24-Oct-2024 15:02:47.613 INFO [main] org.apache.catalina.startup.HostConfig.deployDescriptor 배치 descriptor [C:\Users\admin\Desktop\ksg\5_JSP 기초\Day02\src\main\conf\Catalina\localhost\day02.xml]의 배치가 [419] 밀리초 내에 완료되었습니다.
24-Oct-2024 15:02:47.617 INFO [main] org.apache.coyote.AbstractProtocol.start 프로토콜 핸들러 ["http-nio-3000"]을(를) 시작합니다.
24-Oct-2024 15:02:47.654 INFO [main] org.apache.catalina.startup.Catalina.start 서버가 [519] 밀리초 내에 시작되었습니다.
24-Oct-2024 15:02:58.380 INFO [Thread-1] org.apache.coyote.AbstractProtocol.pause 프로토콜 핸들러 ["http-nio-3000"]을(를) 일시 정지 중
24-Oct-2024 15:02:58.404 INFO [Thread-1] org.apache.catalina.core.StandardService.stopInternal 서비스 [Catalina]을(를) 중지시킵니다.
24-Oct-2024 15:02:58.410 INFO [Thread-1] org.apache.coyote.AbstractProtocol.stop 프로토콜 핸들러 ["http-nio-3000"]을(를) 중지시킵니다.
24-Oct-2024 15:02:58.414 INFO [Thread-1] org.apache.coyote.AbstractProtocol.destroy 프로토콜 핸들러 ["http-nio-3000"]을(를) 소멸시킵니다.
24-Oct-2024 15:03:12.318 INFO [main] org.apache.catalina.startup.VersionLoggerListener.log 서버 버전 이름:    Apache Tomcat/10.1.31
24-Oct-2024 15:03:12.321 INFO [main] org.apache.catalina.startup.VersionLoggerListener.log Server 빌드 시각:  Oct 3 2024 19:02:38 UTC
24-Oct-2024 15:03:12.321 INFO [main] org.apache.catalina.startup.VersionLoggerListener.log Server 버전 번호:  10.1.31.0
24-Oct-2024 15:03:12.321 INFO [main] org.apache.catalina.startup.VersionLoggerListener.log 운영체제 이름:     Windows 10
24-Oct-2024 15:03:12.321 INFO [main] org.apache.catalina.startup.VersionLoggerListener.log 운영체제 버전:     10.0
24-Oct-2024 15:03:12.321 INFO [main] org.apache.catalina.startup.VersionLoggerListener.log 아키텍처:          amd64
24-Oct-2024 15:03:12.321 INFO [main] org.apache.catalina.startup.VersionLoggerListener.log 자바 홈:           C:\Program Files\Java\jdk-17
24-Oct-2024 15:03:12.321 INFO [main] org.apache.catalina.startup.VersionLoggerListener.log JVM 버전:          17.0.12+8-LTS-286
24-Oct-2024 15:03:12.321 INFO [main] org.apache.catalina.startup.VersionLoggerListener.log JVM 벤더:          Oracle Corporation
24-Oct-2024 15:03:12.322 INFO [main] org.apache.catalina.startup.VersionLoggerListener.log CATALINA_BASE:     C:\Users\admin\Desktop\ksg\5_JSP 기초\Day02\src\main
24-Oct-2024 15:03:12.322 INFO [main] org.apache.catalina.startup.VersionLoggerListener.log CATALINA_HOME:     C:\Users\admin\Desktop\ksg\apache-tomcat-10.1.31
24-Oct-2024 15:03:12.327 INFO [main] org.apache.catalina.startup.VersionLoggerListener.log 명령 행 아규먼트:  --add-opens=java.base/java.lang=ALL-UNNAMED
24-Oct-2024 15:03:12.327 INFO [main] org.apache.catalina.startup.VersionLoggerListener.log 명령 행 아규먼트:  --add-opens=java.base/java.io=ALL-UNNAMED
24-Oct-2024 15:03:12.328 INFO [main] org.apache.catalina.startup.VersionLoggerListener.log 명령 행 아규먼트:  --add-opens=java.base/java.util=ALL-UNNAMED
24-Oct-2024 15:03:12.328 INFO [main] org.apache.catalina.startup.VersionLoggerListener.log 명령 행 아규먼트:  --add-opens=java.base/java.util.concurrent=ALL-UNNAMED
24-Oct-2024 15:03:12.328 INFO [main] org.apache.catalina.startup.VersionLoggerListener.log 명령 행 아규먼트:  --add-opens=java.rmi/sun.rmi.transport=ALL-UNNAMED
24-Oct-2024 15:03:12.328 INFO [main] org.apache.catalina.startup.VersionLoggerListener.log 명령 행 아규먼트:  -Dcatalina.home=C:\Users\admin\Desktop\ksg\apache-tomcat-10.1.31
24-Oct-2024 15:03:12.328 INFO [main] org.apache.catalina.startup.VersionLoggerListener.log 명령 행 아규먼트:  -Dcatalina.base=C:\Users\admin\Desktop\ksg\5_JSP 기초\Day02\src\main
24-Oct-2024 15:03:12.329 INFO [main] org.apache.catalina.startup.VersionLoggerListener.log 명령 행 아규먼트:  -Djava.io.tmpdir=C:\Users\admin\Desktop\ksg\5_JSP 기초\Day02\src\main\temp
24-Oct-2024 15:03:12.329 INFO [main] org.apache.catalina.startup.VersionLoggerListener.log 명령 행 아규먼트:  -Djava.util.logging.config.file=C:\Users\admin\Desktop\ksg\5_JSP 기초\Day02\src\main\conf\logging.properties
24-Oct-2024 15:03:12.329 INFO [main] org.apache.catalina.startup.VersionLoggerListener.log 명령 행 아규먼트:  -Djava.util.logging.manager=org.apache.juli.ClassLoaderLogManager
24-Oct-2024 15:03:12.329 INFO [main] org.apache.catalina.startup.VersionLoggerListener.log 명령 행 아규먼트:  -javaagent:C:\Program Files\JetBrains\IntelliJ IDEA Community Edition 2024.2.3\lib\idea_rt.jar=56026:C:\Program Files\JetBrains\IntelliJ IDEA Community Edition 2024.2.3\bin
24-Oct-2024 15:03:12.329 INFO [main] org.apache.catalina.startup.VersionLoggerListener.log 명령 행 아규먼트:  -Dfile.encoding=UTF-8
24-Oct-2024 15:03:12.336 INFO [main] org.apache.catalina.core.AprLifecycleListener.lifecycleEvent 프로덕션 환경들에서 최적의 성능을 제공하는, APR 기반 Apache Tomcat Native 라이브러리가, 다음 java.library.path에서 발견되지 않습니다: [C:\Program Files\Java\jdk-17\bin;C:\Windows\Sun\Java\bin;C:\Windows\system32;C:\Windows;C:\Program Files\Common Files\Oracle\Java\javapath;C:\Windows\system32;C:\Windows;C:\Windows\System32\Wbem;C:\Windows\System32\WindowsPowerShell\v1.0\;C:\Windows\System32\OpenSSH\;C:\Program Files (x86)\NVIDIA Corporation\PhysX\Common;C:\Program Files\Bandizip\;C:\Program Files\nodejs\;C:\Program Files\Git\cmd;C:\Program Files\Docker\Docker\resources\bin;C:\Users\admin\AppData\Local\Microsoft\WindowsApps;C:\Users\admin\AppData\Local\Programs\Microsoft VS Code\bin;C:\Users\admin\AppData\Roaming\npm;C\Program Files\Java\jdk-17\bin;;.]
24-Oct-2024 15:03:12.490 INFO [main] org.apache.coyote.AbstractProtocol.init 프로토콜 핸들러 ["http-nio-3000"]을(를) 초기화합니다.
24-Oct-2024 15:03:12.508 INFO [main] org.apache.catalina.startup.Catalina.load [334] 밀리초 내에 서버가 초기화되었습니다.
24-Oct-2024 15:03:12.552 INFO [main] org.apache.catalina.core.StandardService.startInternal 서비스 [Catalina]을(를) 시작합니다.
24-Oct-2024 15:03:12.553 INFO [main] org.apache.catalina.core.StandardEngine.startInternal 서버 엔진을 시작합니다: [Apache Tomcat/10.1.31]
24-Oct-2024 15:03:12.566 INFO [main] org.apache.catalina.startup.HostConfig.deployDescriptor 배치 descriptor [C:\Users\admin\Desktop\ksg\5_JSP 기초\Day02\src\main\conf\Catalina\localhost\day02.xml]을(를) 배치합니다.
24-Oct-2024 15:03:12.946 INFO [main] org.apache.catalina.startup.HostConfig.deployDescriptor 배치 descriptor [C:\Users\admin\Desktop\ksg\5_JSP 기초\Day02\src\main\conf\Catalina\localhost\day02.xml]의 배치가 [378] 밀리초 내에 완료되었습니다.
24-Oct-2024 15:03:12.951 INFO [main] org.apache.coyote.AbstractProtocol.start 프로토콜 핸들러 ["http-nio-3000"]을(를) 시작합니다.
24-Oct-2024 15:03:12.988 INFO [main] org.apache.catalina.startup.Catalina.start 서버가 [479] 밀리초 내에 시작되었습니다.
24-Oct-2024 15:04:21.331 INFO [Thread-1] org.apache.coyote.AbstractProtocol.pause 프로토콜 핸들러 ["http-nio-3000"]을(를) 일시 정지 중
24-Oct-2024 15:04:21.354 INFO [Thread-1] org.apache.catalina.core.StandardService.stopInternal 서비스 [Catalina]을(를) 중지시킵니다.
24-Oct-2024 15:04:21.360 INFO [Thread-1] org.apache.coyote.AbstractProtocol.stop 프로토콜 핸들러 ["http-nio-3000"]을(를) 중지시킵니다.
24-Oct-2024 15:04:21.363 INFO [Thread-1] org.apache.coyote.AbstractProtocol.destroy 프로토콜 핸들러 ["http-nio-3000"]을(를) 소멸시킵니다.
24-Oct-2024 15:04:23.157 INFO [main] org.apache.catalina.startup.VersionLoggerListener.log 서버 버전 이름:    Apache Tomcat/10.1.31
24-Oct-2024 15:04:23.161 INFO [main] org.apache.catalina.startup.VersionLoggerListener.log Server 빌드 시각:  Oct 3 2024 19:02:38 UTC
24-Oct-2024 15:04:23.161 INFO [main] org.apache.catalina.startup.VersionLoggerListener.log Server 버전 번호:  10.1.31.0
24-Oct-2024 15:04:23.161 INFO [main] org.apache.catalina.startup.VersionLoggerListener.log 운영체제 이름:     Windows 10
24-Oct-2024 15:04:23.162 INFO [main] org.apache.catalina.startup.VersionLoggerListener.log 운영체제 버전:     10.0
24-Oct-2024 15:04:23.162 INFO [main] org.apache.catalina.startup.VersionLoggerListener.log 아키텍처:          amd64
24-Oct-2024 15:04:23.162 INFO [main] org.apache.catalina.startup.VersionLoggerListener.log 자바 홈:           C:\Program Files\Java\jdk-17
24-Oct-2024 15:04:23.162 INFO [main] org.apache.catalina.startup.VersionLoggerListener.log JVM 버전:          17.0.12+8-LTS-286
24-Oct-2024 15:04:23.162 INFO [main] org.apache.catalina.startup.VersionLoggerListener.log JVM 벤더:          Oracle Corporation
24-Oct-2024 15:04:23.162 INFO [main] org.apache.catalina.startup.VersionLoggerListener.log CATALINA_BASE:     C:\Users\admin\Desktop\ksg\5_JSP 기초\Day02\src\main
24-Oct-2024 15:04:23.162 INFO [main] org.apache.catalina.startup.VersionLoggerListener.log CATALINA_HOME:     C:\Users\admin\Desktop\ksg\apache-tomcat-10.1.31
24-Oct-2024 15:04:23.169 INFO [main] org.apache.catalina.startup.VersionLoggerListener.log 명령 행 아규먼트:  --add-opens=java.base/java.lang=ALL-UNNAMED
24-Oct-2024 15:04:23.169 INFO [main] org.apache.catalina.startup.VersionLoggerListener.log 명령 행 아규먼트:  --add-opens=java.base/java.io=ALL-UNNAMED
24-Oct-2024 15:04:23.169 INFO [main] org.apache.catalina.startup.VersionLoggerListener.log 명령 행 아규먼트:  --add-opens=java.base/java.util=ALL-UNNAMED
24-Oct-2024 15:04:23.169 INFO [main] org.apache.catalina.startup.VersionLoggerListener.log 명령 행 아규먼트:  --add-opens=java.base/java.util.concurrent=ALL-UNNAMED
24-Oct-2024 15:04:23.170 INFO [main] org.apache.catalina.startup.VersionLoggerListener.log 명령 행 아규먼트:  --add-opens=java.rmi/sun.rmi.transport=ALL-UNNAMED
24-Oct-2024 15:04:23.170 INFO [main] org.apache.catalina.startup.VersionLoggerListener.log 명령 행 아규먼트:  -Dcatalina.home=C:\Users\admin\Desktop\ksg\apache-tomcat-10.1.31
24-Oct-2024 15:04:23.170 INFO [main] org.apache.catalina.startup.VersionLoggerListener.log 명령 행 아규먼트:  -Dcatalina.base=C:\Users\admin\Desktop\ksg\5_JSP 기초\Day02\src\main
24-Oct-2024 15:04:23.170 INFO [main] org.apache.catalina.startup.VersionLoggerListener.log 명령 행 아규먼트:  -Djava.io.tmpdir=C:\Users\admin\Desktop\ksg\5_JSP 기초\Day02\src\main\temp
24-Oct-2024 15:04:23.170 INFO [main] org.apache.catalina.startup.VersionLoggerListener.log 명령 행 아규먼트:  -Djava.util.logging.config.file=C:\Users\admin\Desktop\ksg\5_JSP 기초\Day02\src\main\conf\logging.properties
24-Oct-2024 15:04:23.170 INFO [main] org.apache.catalina.startup.VersionLoggerListener.log 명령 행 아규먼트:  -Djava.util.logging.manager=org.apache.juli.ClassLoaderLogManager
24-Oct-2024 15:04:23.170 INFO [main] org.apache.catalina.startup.VersionLoggerListener.log 명령 행 아규먼트:  -javaagent:C:\Program Files\JetBrains\IntelliJ IDEA Community Edition 2024.2.3\lib\idea_rt.jar=56117:C:\Program Files\JetBrains\IntelliJ IDEA Community Edition 2024.2.3\bin
24-Oct-2024 15:04:23.171 INFO [main] org.apache.catalina.startup.VersionLoggerListener.log 명령 행 아규먼트:  -Dfile.encoding=UTF-8
24-Oct-2024 15:04:23.175 INFO [main] org.apache.catalina.core.AprLifecycleListener.lifecycleEvent 프로덕션 환경들에서 최적의 성능을 제공하는, APR 기반 Apache Tomcat Native 라이브러리가, 다음 java.library.path에서 발견되지 않습니다: [C:\Program Files\Java\jdk-17\bin;C:\Windows\Sun\Java\bin;C:\Windows\system32;C:\Windows;C:\Program Files\Common Files\Oracle\Java\javapath;C:\Windows\system32;C:\Windows;C:\Windows\System32\Wbem;C:\Windows\System32\WindowsPowerShell\v1.0\;C:\Windows\System32\OpenSSH\;C:\Program Files (x86)\NVIDIA Corporation\PhysX\Common;C:\Program Files\Bandizip\;C:\Program Files\nodejs\;C:\Program Files\Git\cmd;C:\Program Files\Docker\Docker\resources\bin;C:\Users\admin\AppData\Local\Microsoft\WindowsApps;C:\Users\admin\AppData\Local\Programs\Microsoft VS Code\bin;C:\Users\admin\AppData\Roaming\npm;C\Program Files\Java\jdk-17\bin;;.]
24-Oct-2024 15:04:23.317 INFO [main] org.apache.coyote.AbstractProtocol.init 프로토콜 핸들러 ["http-nio-3000"]을(를) 초기화합니다.
24-Oct-2024 15:04:23.331 INFO [main] org.apache.catalina.startup.Catalina.load [309] 밀리초 내에 서버가 초기화되었습니다.
24-Oct-2024 15:04:23.370 INFO [main] org.apache.catalina.core.StandardService.startInternal 서비스 [Catalina]을(를) 시작합니다.
24-Oct-2024 15:04:23.370 INFO [main] org.apache.catalina.core.StandardEngine.startInternal 서버 엔진을 시작합니다: [Apache Tomcat/10.1.31]
24-Oct-2024 15:04:23.381 INFO [main] org.apache.catalina.startup.HostConfig.deployDescriptor 배치 descriptor [C:\Users\admin\Desktop\ksg\5_JSP 기초\Day02\src\main\conf\Catalina\localhost\day02.xml]을(를) 배치합니다.
24-Oct-2024 15:04:23.770 INFO [main] org.apache.catalina.startup.HostConfig.deployDescriptor 배치 descriptor [C:\Users\admin\Desktop\ksg\5_JSP 기초\Day02\src\main\conf\Catalina\localhost\day02.xml]의 배치가 [388] 밀리초 내에 완료되었습니다.
24-Oct-2024 15:04:23.774 INFO [main] org.apache.coyote.AbstractProtocol.start 프로토콜 핸들러 ["http-nio-3000"]을(를) 시작합니다.
24-Oct-2024 15:04:23.807 INFO [main] org.apache.catalina.startup.Catalina.start 서버가 [475] 밀리초 내에 시작되었습니다.
24-Oct-2024 15:04:42.263 INFO [Thread-1] org.apache.coyote.AbstractProtocol.pause 프로토콜 핸들러 ["http-nio-3000"]을(를) 일시 정지 중
24-Oct-2024 15:04:42.287 INFO [Thread-1] org.apache.catalina.core.StandardService.stopInternal 서비스 [Catalina]을(를) 중지시킵니다.
24-Oct-2024 15:04:42.292 INFO [Thread-1] org.apache.coyote.AbstractProtocol.stop 프로토콜 핸들러 ["http-nio-3000"]을(를) 중지시킵니다.
24-Oct-2024 15:04:42.295 INFO [Thread-1] org.apache.coyote.AbstractProtocol.destroy 프로토콜 핸들러 ["http-nio-3000"]을(를) 소멸시킵니다.
24-Oct-2024 15:04:45.099 INFO [main] org.apache.catalina.startup.VersionLoggerListener.log 서버 버전 이름:    Apache Tomcat/10.1.31
24-Oct-2024 15:04:45.102 INFO [main] org.apache.catalina.startup.VersionLoggerListener.log Server 빌드 시각:  Oct 3 2024 19:02:38 UTC
24-Oct-2024 15:04:45.102 INFO [main] org.apache.catalina.startup.VersionLoggerListener.log Server 버전 번호:  10.1.31.0
24-Oct-2024 15:04:45.102 INFO [main] org.apache.catalina.startup.VersionLoggerListener.log 운영체제 이름:     Windows 10
24-Oct-2024 15:04:45.102 INFO [main] org.apache.catalina.startup.VersionLoggerListener.log 운영체제 버전:     10.0
24-Oct-2024 15:04:45.102 INFO [main] org.apache.catalina.startup.VersionLoggerListener.log 아키텍처:          amd64
24-Oct-2024 15:04:45.102 INFO [main] org.apache.catalina.startup.VersionLoggerListener.log 자바 홈:           C:\Program Files\Java\jdk-17
24-Oct-2024 15:04:45.103 INFO [main] org.apache.catalina.startup.VersionLoggerListener.log JVM 버전:          17.0.12+8-LTS-286
24-Oct-2024 15:04:45.103 INFO [main] org.apache.catalina.startup.VersionLoggerListener.log JVM 벤더:          Oracle Corporation
24-Oct-2024 15:04:45.103 INFO [main] org.apache.catalina.startup.VersionLoggerListener.log CATALINA_BASE:     C:\Users\admin\Desktop\ksg\5_JSP 기초\Day02\src\main
24-Oct-2024 15:04:45.103 INFO [main] org.apache.catalina.startup.VersionLoggerListener.log CATALINA_HOME:     C:\Users\admin\Desktop\ksg\apache-tomcat-10.1.31
24-Oct-2024 15:04:45.109 INFO [main] org.apache.catalina.startup.VersionLoggerListener.log 명령 행 아규먼트:  --add-opens=java.base/java.lang=ALL-UNNAMED
24-Oct-2024 15:04:45.110 INFO [main] org.apache.catalina.startup.VersionLoggerListener.log 명령 행 아규먼트:  --add-opens=java.base/java.io=ALL-UNNAMED
24-Oct-2024 15:04:45.110 INFO [main] org.apache.catalina.startup.VersionLoggerListener.log 명령 행 아규먼트:  --add-opens=java.base/java.util=ALL-UNNAMED
24-Oct-2024 15:04:45.110 INFO [main] org.apache.catalina.startup.VersionLoggerListener.log 명령 행 아규먼트:  --add-opens=java.base/java.util.concurrent=ALL-UNNAMED
24-Oct-2024 15:04:45.110 INFO [main] org.apache.catalina.startup.VersionLoggerListener.log 명령 행 아규먼트:  --add-opens=java.rmi/sun.rmi.transport=ALL-UNNAMED
24-Oct-2024 15:04:45.110 INFO [main] org.apache.catalina.startup.VersionLoggerListener.log 명령 행 아규먼트:  -Dcatalina.home=C:\Users\admin\Desktop\ksg\apache-tomcat-10.1.31
24-Oct-2024 15:04:45.110 INFO [main] org.apache.catalina.startup.VersionLoggerListener.log 명령 행 아규먼트:  -Dcatalina.base=C:\Users\admin\Desktop\ksg\5_JSP 기초\Day02\src\main
24-Oct-2024 15:04:45.111 INFO [main] org.apache.catalina.startup.VersionLoggerListener.log 명령 행 아규먼트:  -Djava.io.tmpdir=C:\Users\admin\Desktop\ksg\5_JSP 기초\Day02\src\main\temp
24-Oct-2024 15:04:45.111 INFO [main] org.apache.catalina.startup.VersionLoggerListener.log 명령 행 아규먼트:  -Djava.util.logging.config.file=C:\Users\admin\Desktop\ksg\5_JSP 기초\Day02\src\main\conf\logging.properties
24-Oct-2024 15:04:45.111 INFO [main] org.apache.catalina.startup.VersionLoggerListener.log 명령 행 아규먼트:  -Djava.util.logging.manager=org.apache.juli.ClassLoaderLogManager
24-Oct-2024 15:04:45.111 INFO [main] org.apache.catalina.startup.VersionLoggerListener.log 명령 행 아규먼트:  -javaagent:C:\Program Files\JetBrains\IntelliJ IDEA Community Edition 2024.2.3\lib\idea_rt.jar=56151:C:\Program Files\JetBrains\IntelliJ IDEA Community Edition 2024.2.3\bin
24-Oct-2024 15:04:45.111 INFO [main] org.apache.catalina.startup.VersionLoggerListener.log 명령 행 아규먼트:  -Dfile.encoding=UTF-8
24-Oct-2024 15:04:45.117 INFO [main] org.apache.catalina.core.AprLifecycleListener.lifecycleEvent 프로덕션 환경들에서 최적의 성능을 제공하는, APR 기반 Apache Tomcat Native 라이브러리가, 다음 java.library.path에서 발견되지 않습니다: [C:\Program Files\Java\jdk-17\bin;C:\Windows\Sun\Java\bin;C:\Windows\system32;C:\Windows;C:\Program Files\Common Files\Oracle\Java\javapath;C:\Windows\system32;C:\Windows;C:\Windows\System32\Wbem;C:\Windows\System32\WindowsPowerShell\v1.0\;C:\Windows\System32\OpenSSH\;C:\Program Files (x86)\NVIDIA Corporation\PhysX\Common;C:\Program Files\Bandizip\;C:\Program Files\nodejs\;C:\Program Files\Git\cmd;C:\Program Files\Docker\Docker\resources\bin;C:\Users\admin\AppData\Local\Microsoft\WindowsApps;C:\Users\admin\AppData\Local\Programs\Microsoft VS Code\bin;C:\Users\admin\AppData\Roaming\npm;C\Program Files\Java\jdk-17\bin;;.]
24-Oct-2024 15:04:45.250 INFO [main] org.apache.coyote.AbstractProtocol.init 프로토콜 핸들러 ["http-nio-3000"]을(를) 초기화합니다.
24-Oct-2024 15:04:45.264 INFO [main] org.apache.catalina.startup.Catalina.load [299] 밀리초 내에 서버가 초기화되었습니다.
24-Oct-2024 15:04:45.299 INFO [main] org.apache.catalina.core.StandardService.startInternal 서비스 [Catalina]을(를) 시작합니다.
24-Oct-2024 15:04:45.300 INFO [main] org.apache.catalina.core.StandardEngine.startInternal 서버 엔진을 시작합니다: [Apache Tomcat/10.1.31]
24-Oct-2024 15:04:45.311 INFO [main] org.apache.catalina.startup.HostConfig.deployDescriptor 배치 descriptor [C:\Users\admin\Desktop\ksg\5_JSP 기초\Day02\src\main\conf\Catalina\localhost\day02.xml]을(를) 배치합니다.
24-Oct-2024 15:04:45.641 INFO [main] org.apache.catalina.startup.HostConfig.deployDescriptor 배치 descriptor [C:\Users\admin\Desktop\ksg\5_JSP 기초\Day02\src\main\conf\Catalina\localhost\day02.xml]의 배치가 [329] 밀리초 내에 완료되었습니다.
24-Oct-2024 15:04:45.645 INFO [main] org.apache.coyote.AbstractProtocol.start 프로토콜 핸들러 ["http-nio-3000"]을(를) 시작합니다.
24-Oct-2024 15:04:45.682 INFO [main] org.apache.catalina.startup.Catalina.start 서버가 [417] 밀리초 내에 시작되었습니다.
24-Oct-2024 15:05:42.040 INFO [Thread-1] org.apache.coyote.AbstractProtocol.pause 프로토콜 핸들러 ["http-nio-3000"]을(를) 일시 정지 중
24-Oct-2024 15:05:42.063 INFO [Thread-1] org.apache.catalina.core.StandardService.stopInternal 서비스 [Catalina]을(를) 중지시킵니다.
24-Oct-2024 15:05:42.068 INFO [Thread-1] org.apache.coyote.AbstractProtocol.stop 프로토콜 핸들러 ["http-nio-3000"]을(를) 중지시킵니다.
24-Oct-2024 15:05:42.071 INFO [Thread-1] org.apache.coyote.AbstractProtocol.destroy 프로토콜 핸들러 ["http-nio-3000"]을(를) 소멸시킵니다.
24-Oct-2024 15:05:44.338 INFO [main] org.apache.catalina.startup.VersionLoggerListener.log 서버 버전 이름:    Apache Tomcat/10.1.31
24-Oct-2024 15:05:44.341 INFO [main] org.apache.catalina.startup.VersionLoggerListener.log Server 빌드 시각:  Oct 3 2024 19:02:38 UTC
24-Oct-2024 15:05:44.341 INFO [main] org.apache.catalina.startup.VersionLoggerListener.log Server 버전 번호:  10.1.31.0
24-Oct-2024 15:05:44.341 INFO [main] org.apache.catalina.startup.VersionLoggerListener.log 운영체제 이름:     Windows 10
24-Oct-2024 15:05:44.341 INFO [main] org.apache.catalina.startup.VersionLoggerListener.log 운영체제 버전:     10.0
24-Oct-2024 15:05:44.341 INFO [main] org.apache.catalina.startup.VersionLoggerListener.log 아키텍처:          amd64
24-Oct-2024 15:05:44.341 INFO [main] org.apache.catalina.startup.VersionLoggerListener.log 자바 홈:           C:\Program Files\Java\jdk-17
24-Oct-2024 15:05:44.342 INFO [main] org.apache.catalina.startup.VersionLoggerListener.log JVM 버전:          17.0.12+8-LTS-286
24-Oct-2024 15:05:44.342 INFO [main] org.apache.catalina.startup.VersionLoggerListener.log JVM 벤더:          Oracle Corporation
24-Oct-2024 15:05:44.342 INFO [main] org.apache.catalina.startup.VersionLoggerListener.log CATALINA_BASE:     C:\Users\admin\Desktop\ksg\5_JSP 기초\Day02\src\main
24-Oct-2024 15:05:44.342 INFO [main] org.apache.catalina.startup.VersionLoggerListener.log CATALINA_HOME:     C:\Users\admin\Desktop\ksg\apache-tomcat-10.1.31
24-Oct-2024 15:05:44.347 INFO [main] org.apache.catalina.startup.VersionLoggerListener.log 명령 행 아규먼트:  --add-opens=java.base/java.lang=ALL-UNNAMED
24-Oct-2024 15:05:44.347 INFO [main] org.apache.catalina.startup.VersionLoggerListener.log 명령 행 아규먼트:  --add-opens=java.base/java.io=ALL-UNNAMED
24-Oct-2024 15:05:44.348 INFO [main] org.apache.catalina.startup.VersionLoggerListener.log 명령 행 아규먼트:  --add-opens=java.base/java.util=ALL-UNNAMED
24-Oct-2024 15:05:44.348 INFO [main] org.apache.catalina.startup.VersionLoggerListener.log 명령 행 아규먼트:  --add-opens=java.base/java.util.concurrent=ALL-UNNAMED
24-Oct-2024 15:05:44.348 INFO [main] org.apache.catalina.startup.VersionLoggerListener.log 명령 행 아규먼트:  --add-opens=java.rmi/sun.rmi.transport=ALL-UNNAMED
24-Oct-2024 15:05:44.348 INFO [main] org.apache.catalina.startup.VersionLoggerListener.log 명령 행 아규먼트:  -Dcatalina.home=C:\Users\admin\Desktop\ksg\apache-tomcat-10.1.31
24-Oct-2024 15:05:44.348 INFO [main] org.apache.catalina.startup.VersionLoggerListener.log 명령 행 아규먼트:  -Dcatalina.base=C:\Users\admin\Desktop\ksg\5_JSP 기초\Day02\src\main
24-Oct-2024 15:05:44.348 INFO [main] org.apache.catalina.startup.VersionLoggerListener.log 명령 행 아규먼트:  -Djava.io.tmpdir=C:\Users\admin\Desktop\ksg\5_JSP 기초\Day02\src\main\temp
24-Oct-2024 15:05:44.348 INFO [main] org.apache.catalina.startup.VersionLoggerListener.log 명령 행 아규먼트:  -Djava.util.logging.config.file=C:\Users\admin\Desktop\ksg\5_JSP 기초\Day02\src\main\conf\logging.properties
24-Oct-2024 15:05:44.348 INFO [main] org.apache.catalina.startup.VersionLoggerListener.log 명령 행 아규먼트:  -Djava.util.logging.manager=org.apache.juli.ClassLoaderLogManager
24-Oct-2024 15:05:44.349 INFO [main] org.apache.catalina.startup.VersionLoggerListener.log 명령 행 아규먼트:  -javaagent:C:\Program Files\JetBrains\IntelliJ IDEA Community Edition 2024.2.3\lib\idea_rt.jar=56231:C:\Program Files\JetBrains\IntelliJ IDEA Community Edition 2024.2.3\bin
24-Oct-2024 15:05:44.349 INFO [main] org.apache.catalina.startup.VersionLoggerListener.log 명령 행 아규먼트:  -Dfile.encoding=UTF-8
24-Oct-2024 15:05:44.353 INFO [main] org.apache.catalina.core.AprLifecycleListener.lifecycleEvent 프로덕션 환경들에서 최적의 성능을 제공하는, APR 기반 Apache Tomcat Native 라이브러리가, 다음 java.library.path에서 발견되지 않습니다: [C:\Program Files\Java\jdk-17\bin;C:\Windows\Sun\Java\bin;C:\Windows\system32;C:\Windows;C:\Program Files\Common Files\Oracle\Java\javapath;C:\Windows\system32;C:\Windows;C:\Windows\System32\Wbem;C:\Windows\System32\WindowsPowerShell\v1.0\;C:\Windows\System32\OpenSSH\;C:\Program Files (x86)\NVIDIA Corporation\PhysX\Common;C:\Program Files\Bandizip\;C:\Program Files\nodejs\;C:\Program Files\Git\cmd;C:\Program Files\Docker\Docker\resources\bin;C:\Users\admin\AppData\Local\Microsoft\WindowsApps;C:\Users\admin\AppData\Local\Programs\Microsoft VS Code\bin;C:\Users\admin\AppData\Roaming\npm;C\Program Files\Java\jdk-17\bin;;.]
24-Oct-2024 15:05:44.487 INFO [main] org.apache.coyote.AbstractProtocol.init 프로토콜 핸들러 ["http-nio-3000"]을(를) 초기화합니다.
24-Oct-2024 15:05:44.500 INFO [main] org.apache.catalina.startup.Catalina.load [299] 밀리초 내에 서버가 초기화되었습니다.
24-Oct-2024 15:05:44.541 INFO [main] org.apache.catalina.core.StandardService.startInternal 서비스 [Catalina]을(를) 시작합니다.
24-Oct-2024 15:05:44.542 INFO [main] org.apache.catalina.core.StandardEngine.startInternal 서버 엔진을 시작합니다: [Apache Tomcat/10.1.31]
24-Oct-2024 15:05:44.555 INFO [main] org.apache.catalina.startup.HostConfig.deployDescriptor 배치 descriptor [C:\Users\admin\Desktop\ksg\5_JSP 기초\Day02\src\main\conf\Catalina\localhost\day02.xml]을(를) 배치합니다.
24-Oct-2024 15:05:44.917 INFO [main] org.apache.catalina.startup.HostConfig.deployDescriptor 배치 descriptor [C:\Users\admin\Desktop\ksg\5_JSP 기초\Day02\src\main\conf\Catalina\localhost\day02.xml]의 배치가 [362] 밀리초 내에 완료되었습니다.
24-Oct-2024 15:05:44.921 INFO [main] org.apache.coyote.AbstractProtocol.start 프로토콜 핸들러 ["http-nio-3000"]을(를) 시작합니다.
24-Oct-2024 15:05:44.950 INFO [main] org.apache.catalina.startup.Catalina.start 서버가 [449] 밀리초 내에 시작되었습니다.
24-Oct-2024 15:41:27.202 INFO [Thread-1] org.apache.coyote.AbstractProtocol.pause 프로토콜 핸들러 ["http-nio-3000"]을(를) 일시 정지 중
24-Oct-2024 15:41:27.228 INFO [Thread-1] org.apache.catalina.core.StandardService.stopInternal 서비스 [Catalina]을(를) 중지시킵니다.
24-Oct-2024 15:41:27.234 INFO [Thread-1] org.apache.coyote.AbstractProtocol.stop 프로토콜 핸들러 ["http-nio-3000"]을(를) 중지시킵니다.
24-Oct-2024 15:41:27.236 INFO [Thread-1] org.apache.coyote.AbstractProtocol.destroy 프로토콜 핸들러 ["http-nio-3000"]을(를) 소멸시킵니다.
